#
# A fatal error has been detected by the Java Runtime Environment:
#
#  EXCEPTION_ACCESS_VIOLATION (0xc0000005) at pc=0x00000000777732d0, pid=6052, tid=3484
#
# JRE version: 7.0_11-b21
# Java VM: Java HotSpot(TM) 64-Bit Server VM (23.6-b04 mixed mode windows-amd64 compressed oops)
# Problematic frame:
# C  [ntdll.dll+0x532d0]  RtlFreeHeap+0xd0
#
# Failed to write core dump. Minidumps are not enabled by default on client versions of Windows
#
# If you would like to submit a bug report, please visit:
#   http://bugreport.sun.com/bugreport/crash.jsp
# The crash happened outside the Java Virtual Machine in native code.
# See problematic frame for where to report the bug.
#

---------------  T H R E A D  ---------------

Current thread (0x000000000a5f1800):  JavaThread "Thread-0" [_thread_in_native, id=3484, stack(0x000000000adb0000,0x000000000aeb0000)]

siginfo: ExceptionCode=0xc0000005, reading address 0x0000062dc3eeab18

Registers:
RAX=0x000000959695347c, RBX=0x0000062dc3eeab10, RCX=0x000000ffffffffff, RDX=0x000000000886d7e0
RSP=0x000000000aeaf3e0, RBP=0x0000000000000000, RSI=0x0000000001e90000, RDI=0x000000000886d7f0
R8 =0x000000000886d7f0, R9 =0x000000006aff0000, R10=0x0000000000000000, R11=0x0000000000000200
R12=0x000000000a5f19d8, R13=0x00000000eb3937a0, R14=0x000000000aeaf738, R15=0x000000000a5f1800
RIP=0x00000000777732d0, EFLAGS=0x0000000000010202

Top of Stack: (sp=0x000000000aeaf3e0)
0x000000000aeaf3e0:   0000000000000000 000057d957ae23b7
0x000000000aeaf3f0:   000000000a5f1800 000000000aeaf738
0x000000000aeaf400:   00000000eb3937a0 000000000aeaf490
0x000000000aeaf410:   000000006b0a1620 0000000000000000
0x000000000aeaf420:   000000000a5f1800 000000000aeaf738
0x000000000aeaf430:   00000000eb3937a0 000000000a5f19d8
0x000000000aeaf440:   000000000a5f8270 0000000000000010
0x000000000aeaf450:   000000000a5f8465 000000007762300a
0x000000000aeaf460:   000000000886d7f0 000000000a6ec530
0x000000000aeaf470:   000000000a5f8270 000007fef49725d4
0x000000000aeaf480:   000000006b0a1620 000000006b058cc4
0x000000000aeaf490:   00000000a4200000 0000000000000000
0x000000000aeaf4a0:   0000000000000000 000007fefca718da
0x000000000aeaf4b0:   000000000a6ec530 000007fef49719e5
0x000000000aeaf4c0:   000000000a6ec530 0000000000000001
0x000000000aeaf4d0:   0000000000000010 000007fef49732b5 

Instructions: (pc=0x00000000777732d0)
0x00000000777732b0:   ff ff 00 00 00 48 33 de 48 23 c1 48 c1 eb 04 48
0x00000000777732c0:   33 d8 48 33 1d ff f0 0d 00 48 c1 e3 04 0f 0d 0b
0x00000000777732d0:   4c 8b 63 08 49 bd 01 00 00 00 01 00 00 00 49 be
0x00000000777732e0:   ff 7f 00 00 ff ff ff ff c6 42 0f 80 c6 42 0e 00 


Register to memory mapping:

RAX=0x000000959695347c is an unknown value
RBX=0x0000062dc3eeab10 is an unknown value
RCX=0x000000ffffffffff is an unknown value
RDX=0x000000000886d7e0 is an unknown value
RSP=0x000000000aeaf3e0 is pointing into the stack for thread: 0x000000000a5f1800
RBP=0x0000000000000000 is an unknown value
RSI=0x0000000001e90000 is an unknown value
RDI=0x000000000886d7f0 is an unknown value
R8 =0x000000000886d7f0 is an unknown value
R9 =0x000000006aff0000 is an unknown value
R10=0x0000000000000000 is an unknown value
R11=0x0000000000000200 is an unknown value
R12=0x000000000a5f19d8 is an unknown value
R13=0x00000000eb3937a0 is an oop
[Lwiiusej.wiiusejevents.wiiuseapievents.WiiUseApiEvent; 
 - klass: 'wiiusej/wiiusejevents/wiiuseapievents/WiiUseApiEvent'[]
 - length: 0
R14=0x000000000aeaf738 is pointing into the stack for thread: 0x000000000a5f1800
R15=0x000000000a5f1800 is a thread


Stack: [0x000000000adb0000,0x000000000aeb0000],  sp=0x000000000aeaf3e0,  free space=1020k
Native frames: (J=compiled Java code, j=interpreted, Vv=VM code, C=native code)
C  [ntdll.dll+0x532d0]  RtlFreeHeap+0xd0

[error occurred during error reporting (printing native stack), id 0xc0000005]

Java frames: (J=compiled Java code, j=interpreted, Vv=VM code)
J  wiiusej.WiiUseApi.specialPoll(Lwiiusej/wiiusejevents/utils/EventsGatherer;)V
J  wiiusej.WiiUseApiManager.run()V
v  ~StubRoutines::call_stub

---------------  P R O C E S S  ---------------

Java Threads: ( => current thread )
  0x0000000001e9c000 JavaThread "DestroyJavaVM" [_thread_blocked, id=2268, stack(0x0000000002070000,0x0000000002170000)]
  0x000000000a72a000 JavaThread "Java2D Disposer" daemon [_thread_blocked, id=6080, stack(0x000000000b600000,0x000000000b700000)]
=>0x000000000a5f1800 JavaThread "Thread-0" [_thread_in_native, id=3484, stack(0x000000000adb0000,0x000000000aeb0000)]
  0x0000000008840000 JavaThread "Service Thread" daemon [_thread_blocked, id=6772, stack(0x000000000a1c0000,0x000000000a2c0000)]
  0x000000000883e800 JavaThread "C2 CompilerThread1" daemon [_thread_blocked, id=5440, stack(0x000000000a2c0000,0x000000000a3c0000)]
  0x0000000008839800 JavaThread "C2 CompilerThread0" daemon [_thread_blocked, id=3540, stack(0x0000000009ff0000,0x000000000a0f0000)]
  0x0000000008834800 JavaThread "Attach Listener" daemon [_thread_blocked, id=5016, stack(0x0000000009e60000,0x0000000009f60000)]
  0x000000000882d000 JavaThread "Signal Dispatcher" daemon [_thread_blocked, id=7016, stack(0x0000000009c90000,0x0000000009d90000)]
  0x0000000001e05800 JavaThread "Finalizer" daemon [_thread_blocked, id=4496, stack(0x0000000009b20000,0x0000000009c20000)]
  0x0000000001dfe800 JavaThread "Reference Handler" daemon [_thread_blocked, id=6200, stack(0x00000000099d0000,0x0000000009ad0000)]

Other Threads:
  0x00000000087b2000 VMThread [stack: 0x0000000009850000,0x0000000009950000] [id=2180]
  0x0000000008853000 WatcherThread [stack: 0x000000000a4f0000,0x000000000a5f0000] [id=5696]

VM state:not at safepoint (normal execution)

VM Mutex/Monitor currently owned by a thread: None

Heap
 PSYoungGen      total 19072K, used 8444K [0x00000000eac00000, 0x00000000ec140000, 0x0000000100000000)
  eden space 16384K, 48% used [0x00000000eac00000,0x00000000eb3b7248,0x00000000ebc00000)
  from space 2688K, 20% used [0x00000000ebea0000,0x00000000ebf28000,0x00000000ec140000)
  to   space 2688K, 0% used [0x00000000ebc00000,0x00000000ebc00000,0x00000000ebea0000)
 ParOldGen       total 43520K, used 0K [0x00000000c0400000, 0x00000000c2e80000, 0x00000000eac00000)
  object space 43520K, 0% used [0x00000000c0400000,0x00000000c0400000,0x00000000c2e80000)
 PSPermGen       total 21248K, used 5325K [0x00000000bb200000, 0x00000000bc6c0000, 0x00000000c0400000)
  object space 21248K, 25% used [0x00000000bb200000,0x00000000bb7337c8,0x00000000bc6c0000)

Card table byte_map: [0x0000000005170000,0x00000000053a0000] byte_map_base: 0x0000000004b97000

Polling page: 0x0000000000100000

Code Cache  [0x0000000002170000, 0x00000000023e0000, 0x0000000005170000)
 total_blobs=321 nmethods=48 adapters=225 free_code_cache=48637Kb largest_free_block=49789696

Compilation events (10 events):
Event: 201.348 Thread 0x000000000883e800 nmethod 43 0x00000000021ef150 code [0x00000000021ef280, 0x00000000021ef2d8]
Event: 201.348 Thread 0x000000000883e800   44             wiiusej.values.RawAcceleration::<init> (20 bytes)
Event: 201.348 Thread 0x0000000008839800 nmethod 41 0x00000000021e9790 code [0x00000000021e98e0, 0x00000000021e9b38]
Event: 201.348 Thread 0x0000000008839800   45             wiiusej.wiiusejevents.physicalevents.JoystickEvent::<init> (85 bytes)
Event: 201.348 Thread 0x000000000883e800 nmethod 44 0x00000000021e9590 code [0x00000000021e96c0, 0x00000000021e9718]
Event: 201.348 Thread 0x000000000883e800   46             wiiusej.wiiusejevents.utils.EventsGatherer::addWiimoteEvent (21 bytes)
Event: 201.349 Thread 0x000000000883e800 nmethod 46 0x00000000021e9210 code [0x00000000021e9360, 0x00000000021e9458]
Event: 201.349 Thread 0x000000000883e800   47             wiiusej.Wiimote::notifyWiiMoteEventListeners (91 bytes)
Event: 201.350 Thread 0x0000000008839800 nmethod 45 0x00000000021f37d0 code [0x00000000021f3920, 0x00000000021f3b78]
Event: 201.352 Thread 0x000000000883e800 nmethod 47 0x00000000021f3cd0 code [0x00000000021f3e60, 0x00000000021f4100]

GC Heap History (4 events):
Event: 375.434 GC heap before
{Heap before GC invocations=1 (full 0):
 PSYoungGen      total 19072K, used 16384K [0x00000000eac00000, 0x00000000ec140000, 0x0000000100000000)
  eden space 16384K, 100% used [0x00000000eac00000,0x00000000ebc00000,0x00000000ebc00000)
  from space 2688K, 0% used [0x00000000ebea0000,0x00000000ebea0000,0x00000000ec140000)
  to   space 2688K, 0% used [0x00000000ebc00000,0x00000000ebc00000,0x00000000ebea0000)
 ParOldGen       total 43520K, used 0K [0x00000000c0400000, 0x00000000c2e80000, 0x00000000eac00000)
  object space 43520K, 0% used [0x00000000c0400000,0x00000000c0400000,0x00000000c2e80000)
 PSPermGen       total 21248K, used 5325K [0x00000000bb200000, 0x00000000bc6c0000, 0x00000000c0400000)
  object space 21248K, 25% used [0x00000000bb200000,0x00000000bb7336a8,0x00000000bc6c0000)
Event: 375.436 GC heap after
Heap after GC invocations=1 (full 0):
 PSYoungGen      total 19072K, used 640K [0x00000000eac00000, 0x00000000ec140000, 0x0000000100000000)
  eden space 16384K, 0% used [0x00000000eac00000,0x00000000eac00000,0x00000000ebc00000)
  from space 2688K, 23% used [0x00000000ebc00000,0x00000000ebca0000,0x00000000ebea0000)
  to   space 2688K, 0% used [0x00000000ebea0000,0x00000000ebea0000,0x00000000ec140000)
 ParOldGen       total 43520K, used 0K [0x00000000c0400000, 0x00000000c2e80000, 0x00000000eac00000)
  object space 43520K, 0% used [0x00000000c0400000,0x00000000c0400000,0x00000000c2e80000)
 PSPermGen       total 21248K, used 5325K [0x00000000bb200000, 0x00000000bc6c0000, 0x00000000c0400000)
  object space 21248K, 25% used [0x00000000bb200000,0x00000000bb7336a8,0x00000000bc6c0000)
}
Event: 796.379 GC heap before
{Heap before GC invocations=2 (full 0):
 PSYoungGen      total 19072K, used 17024K [0x00000000eac00000, 0x00000000ec140000, 0x0000000100000000)
  eden space 16384K, 100% used [0x00000000eac00000,0x00000000ebc00000,0x00000000ebc00000)
  from space 2688K, 23% used [0x00000000ebc00000,0x00000000ebca0000,0x00000000ebea0000)
  to   space 2688K, 0% used [0x00000000ebea0000,0x00000000ebea0000,0x00000000ec140000)
 ParOldGen       total 43520K, used 0K [0x00000000c0400000, 0x00000000c2e80000, 0x00000000eac00000)
  object space 43520K, 0% used [0x00000000c0400000,0x00000000c0400000,0x00000000c2e80000)
 PSPermGen       total 21248K, used 5325K [0x00000000bb200000, 0x00000000bc6c0000, 0x00000000c0400000)
  object space 21248K, 25% used [0x00000000bb200000,0x00000000bb7336a8,0x00000000bc6c0000)
Event: 796.380 GC heap after
Heap after GC invocations=2 (full 0):
 PSYoungGen      total 19072K, used 544K [0x00000000eac00000, 0x00000000ec140000, 0x0000000100000000)
  eden space 16384K, 0% used [0x00000000eac00000,0x00000000eac00000,0x00000000ebc00000)
  from space 2688K, 20% used [0x00000000ebea0000,0x00000000ebf28000,0x00000000ec140000)
  to   space 2688K, 0% used [0x00000000ebc00000,0x00000000ebc00000,0x00000000ebea0000)
 ParOldGen       total 43520K, used 0K [0x00000000c0400000, 0x00000000c2e80000, 0x00000000eac00000)
  object space 43520K, 0% used [0x00000000c0400000,0x00000000c0400000,0x00000000c2e80000)
 PSPermGen       total 21248K, used 5325K [0x00000000bb200000, 0x00000000bc6c0000, 0x00000000c0400000)
  object space 21248K, 25% used [0x00000000bb200000,0x00000000bb7336a8,0x00000000bc6c0000)
}

Deoptimization events (6 events):
Event: 15.879 Thread 0x0000000001e9c000 Uncommon trap -34 fr.pc 0x00000000021d4a24
Event: 126.799 Thread 0x000000000a5f1800 Uncommon trap -122 fr.pc 0x00000000021e4da4
Event: 132.940 Thread 0x000000000a5f1800 Uncommon trap -42 fr.pc 0x00000000021e4290
Event: 132.955 Thread 0x000000000a5f1800 Uncommon trap -42 fr.pc 0x00000000021e4290
Event: 132.956 Thread 0x000000000a5f1800 Uncommon trap -42 fr.pc 0x00000000021e4290
Event: 132.971 Thread 0x000000000a5f1800 Uncommon trap -42 fr.pc 0x00000000021e4290

Internal exceptions (10 events):
Event: 15.598 Thread 0x0000000001e9c000 Threw 0x00000000eacf9b90 at C:\jdk7u1_64p\jdk7u11\hotspot\src\share\vm\prims\jvm.cpp:1166
Event: 15.598 Thread 0x0000000001e9c000 Threw 0x00000000eacf9cb8 at C:\jdk7u1_64p\jdk7u11\hotspot\src\share\vm\prims\jvm.cpp:1166
Event: 15.599 Thread 0x0000000001e9c000 Threw 0x00000000eacfd1c0 at C:\jdk7u1_64p\jdk7u11\hotspot\src\share\vm\prims\jvm.cpp:1166
Event: 15.599 Thread 0x0000000001e9c000 Threw 0x00000000eacfd2e8 at C:\jdk7u1_64p\jdk7u11\hotspot\src\share\vm\prims\jvm.cpp:1166
Event: 15.878 Thread 0x0000000001e9c000 Threw 0x00000000eae43d60 at C:\jdk7u1_64p\jdk7u11\hotspot\src\share\vm\prims\jvm.cpp:1166
Event: 15.878 Thread 0x0000000001e9c000 Threw 0x00000000eae44b98 at C:\jdk7u1_64p\jdk7u11\hotspot\src\share\vm\prims\jvm.cpp:1166
Event: 15.878 Thread 0x0000000001e9c000 Threw 0x00000000eae46a20 at C:\jdk7u1_64p\jdk7u11\hotspot\src\share\vm\prims\jvm.cpp:1166
Event: 15.878 Thread 0x0000000001e9c000 Threw 0x00000000eae478c8 at C:\jdk7u1_64p\jdk7u11\hotspot\src\share\vm\prims\jvm.cpp:1166
Event: 15.879 Thread 0x0000000001e9c000 Threw 0x00000000eae49070 at C:\jdk7u1_64p\jdk7u11\hotspot\src\share\vm\prims\jni.cpp:716
Event: 15.932 Thread 0x0000000001e9c000 Threw 0x00000000eb14d3a8 at C:\jdk7u1_64p\jdk7u11\hotspot\src\share\vm\prims\jvm.cpp:1166

Events (10 events):
Event: 375.438 Executing VM operation: RevokeBias
Event: 375.438 Executing VM operation: RevokeBias done
Event: 375.438 Executing VM operation: RevokeBias
Event: 375.438 Executing VM operation: RevokeBias done
Event: 375.438 Executing VM operation: RevokeBias
Event: 375.438 Executing VM operation: RevokeBias done
Event: 375.438 Executing VM operation: RevokeBias
Event: 375.438 Executing VM operation: RevokeBias done
Event: 796.379 Executing VM operation: ParallelGCFailedAllocation
Event: 796.381 Executing VM operation: ParallelGCFailedAllocation done


Dynamic libraries:
0x000000013f850000 - 0x000000013f883000 	C:\Program Files\Java\jre7\bin\javaw.exe
0x0000000077720000 - 0x00000000778c9000 	C:\Windows\SYSTEM32\ntdll.dll
0x0000000077600000 - 0x000000007771f000 	C:\Windows\system32\kernel32.dll
0x000007fefca70000 - 0x000007fefcadb000 	C:\Windows\system32\KERNELBASE.dll
0x000007fefe7a0000 - 0x000007fefe87b000 	C:\Windows\system32\ADVAPI32.dll
0x000007fefe900000 - 0x000007fefe99f000 	C:\Windows\system32\msvcrt.dll
0x000007fefed50000 - 0x000007fefed6f000 	C:\Windows\SYSTEM32\sechost.dll
0x000007fefeb80000 - 0x000007fefecad000 	C:\Windows\system32\RPCRT4.dll
0x0000000077500000 - 0x00000000775fa000 	C:\Windows\system32\USER32.dll
0x000007fefe4d0000 - 0x000007fefe537000 	C:\Windows\system32\GDI32.dll
0x000007fefd010000 - 0x000007fefd01e000 	C:\Windows\system32\LPK.dll
0x000007fefccf0000 - 0x000007fefcdb9000 	C:\Windows\system32\USP10.dll
0x000007fefafd0000 - 0x000007fefb1c4000 	C:\Windows\WinSxS\amd64_microsoft.windows.common-controls_6595b64144ccf1df_6.0.7601.17514_none_fa396087175ac9ac\COMCTL32.dll
0x000007fefe880000 - 0x000007fefe8f1000 	C:\Windows\system32\SHLWAPI.dll
0x000007fefe4a0000 - 0x000007fefe4ce000 	C:\Windows\system32\IMM32.DLL
0x000007fefd080000 - 0x000007fefd189000 	C:\Windows\system32\MSCTF.dll
0x000000006aff0000 - 0x000000006b0c1000 	C:\Program Files\Java\jre7\bin\msvcr100.dll
0x0000000067c90000 - 0x00000000683af000 	C:\Program Files\Java\jre7\bin\server\jvm.dll
0x000007fef1ea0000 - 0x000007fef1ea9000 	C:\Windows\system32\WSOCK32.dll
0x000007fefe750000 - 0x000007fefe79d000 	C:\Windows\system32\WS2_32.dll
0x000007fefd470000 - 0x000007fefd478000 	C:\Windows\system32\NSI.dll
0x000007fef9970000 - 0x000007fef99ab000 	C:\Windows\system32\WINMM.dll
0x00000000778f0000 - 0x00000000778f7000 	C:\Windows\system32\PSAPI.DLL
0x0000000073200000 - 0x000000007320f000 	C:\Program Files\Java\jre7\bin\verify.dll
0x00000000731d0000 - 0x00000000731f8000 	C:\Program Files\Java\jre7\bin\java.dll
0x00000000731b0000 - 0x00000000731c5000 	C:\Program Files\Java\jre7\bin\zip.dll
0x000007fef6130000 - 0x000007fef6139000 	C:\Users\Robbert\Documents\GitHub\Stijgmachine\WiiuseJ.dll
0x000007fef4970000 - 0x000007fef497c000 	C:\Users\Robbert\Documents\GitHub\Stijgmachine\wiiuse.dll
0x000007fefb3e0000 - 0x000007fefb3eb000 	C:\Windows\system32\HID.DLL
0x000007fefe9a0000 - 0x000007fefeb77000 	C:\Windows\system32\SETUPAPI.dll
0x000007fefca20000 - 0x000007fefca56000 	C:\Windows\system32\CFGMGR32.dll
0x000007fefd2f0000 - 0x000007fefd3c7000 	C:\Windows\system32\OLEAUT32.dll
0x000007fefe540000 - 0x000007fefe743000 	C:\Windows\system32\ole32.dll
0x000007fefc9e0000 - 0x000007fefc9fa000 	C:\Windows\system32\DEVOBJ.dll
0x000007fefc8f0000 - 0x000007fefc929000 	C:\Windows\system32\WINTRUST.dll
0x000007fefcaf0000 - 0x000007fefcc5a000 	C:\Windows\system32\CRYPT32.dll
0x000007fefc8e0000 - 0x000007fefc8ef000 	C:\Windows\system32\MSASN1.dll
0x000007fefc110000 - 0x000007fefc127000 	C:\Windows\system32\CRYPTSP.dll
0x000007fefbe10000 - 0x000007fefbe57000 	C:\Windows\system32\rsaenh.dll
0x000007fefbb90000 - 0x000007fefbbae000 	C:\Windows\system32\USERENV.dll
0x000007fefc840000 - 0x000007fefc84f000 	C:\Windows\system32\profapi.dll
0x000007fefc770000 - 0x000007fefc77f000 	C:\Windows\system32\CRYPTBASE.dll
0x0000000073190000 - 0x00000000731a9000 	C:\Program Files\Java\jre7\bin\net.dll
0x000007fefc0b0000 - 0x000007fefc105000 	C:\Windows\system32\mswsock.dll
0x000007fefc0a0000 - 0x000007fefc0a7000 	C:\Windows\System32\wship6.dll
0x000007fefa600000 - 0x000007fefa615000 	C:\Windows\system32\NLAapi.dll
0x000007fef5b50000 - 0x000007fef5b65000 	C:\Windows\system32\napinsp.dll
0x000007fef5b30000 - 0x000007fef5b49000 	C:\Windows\system32\pnrpnsp.dll
0x000007fefbf30000 - 0x000007fefbf8b000 	C:\Windows\system32\DNSAPI.dll
0x000007fef5b20000 - 0x000007fef5b2b000 	C:\Windows\System32\winrnr.dll
0x000007fef5b10000 - 0x000007fef5b20000 	C:\Windows\system32\wshbth.dll
0x000007fefba50000 - 0x000007fefba57000 	C:\Windows\System32\wshtcpip.dll
0x000007fefa0d0000 - 0x000007fefa0f7000 	C:\Windows\system32\IPHLPAPI.DLL
0x000007fefa0c0000 - 0x000007fefa0cb000 	C:\Windows\system32\WINNSI.DLL
0x000007fef74b0000 - 0x000007fef74b8000 	C:\Windows\system32\rasadhlp.dll
0x000007fef9e10000 - 0x000007fef9e63000 	C:\Windows\System32\fwpuclnt.dll
0x0000000073170000 - 0x0000000073181000 	C:\Program Files\Java\jre7\bin\nio.dll
0x000000006ac40000 - 0x000000006add3000 	C:\Program Files\Java\jre7\bin\awt.dll
0x000007fef4d90000 - 0x000007fef4eb5000 	C:\Windows\system32\dbghelp.dll

VM Arguments:
jvm_args: -Dfile.encoding=Cp1252 
java_command: stijgmachine.jti1a1.nl.controller.Main
Launcher Type: SUN_STANDARD

Environment Variables:
PATH=C:\Program Files (x86)\NVIDIA Corporation\PhysX\Common;C:\Windows\system32;C:\Windows;C:\Windows\System32\Wbem;C:\Windows\System32\WindowsPowerShell\v1.0\
USERNAME=Robbert
OS=Windows_NT
PROCESSOR_IDENTIFIER=Intel64 Family 6 Model 42 Stepping 7, GenuineIntel



---------------  S Y S T E M  ---------------

OS: Windows 7 , 64 bit Build 7601 Service Pack 1

CPU:total 4 (2 cores per cpu, 2 threads per core) family 6 model 42 stepping 7, cmov, cx8, fxsr, mmx, sse, sse2, sse3, ssse3, sse4.1, sse4.2, popcnt, avx, ht, tsc, tscinvbit

Memory: 4k page, physical 4175072k(2054080k free), swap 8348284k(5614376k free)

vm_info: Java HotSpot(TM) 64-Bit Server VM (23.6-b04) for windows-amd64 JRE (1.7.0_11-b21), built on Jan 12 2013 02:38:42 by "java_re" with unknown MS VC++:1600

time: Thu May 23 19:55:39 2013
elapsed time: 1540 seconds

