#
# A fatal error has been detected by the Java Runtime Environment:
#
#  EXCEPTION_ACCESS_VIOLATION (0xc0000005) at pc=0x0000000076d732d0, pid=5580, tid=260
#
# JRE version: 7.0_11-b21
# Java VM: Java HotSpot(TM) 64-Bit Server VM (23.6-b04 mixed mode windows-amd64 compressed oops)
# Problematic frame:
# C  [ntdll.dll+0x532d0]  RtlFreeHeap+0xd0
#
# Failed to write core dump. Minidumps are not enabled by default on client versions of Windows
#
# If you would like to submit a bug report, please visit:
#   http://bugreport.sun.com/bugreport/crash.jsp
# The crash happened outside the Java Virtual Machine in native code.
# See problematic frame for where to report the bug.
#

---------------  T H R E A D  ---------------

Current thread (0x000000000884a000):  JavaThread "Thread-0" [_thread_in_native, id=260, stack(0x000000000ad00000,0x000000000ae00000)]

siginfo: ExceptionCode=0xc0000005, reading address 0x000001c9808c3c48

Registers:
RAX=0x000000959695347c, RBX=0x000001c9808c3c40, RCX=0x000000ffffffffff, RDX=0x000000000a6ba550
RSP=0x000000000adff0a0, RBP=0x0000000000000000, RSI=0x00000000003a0000, RDI=0x000000000a6ba560
R8 =0x000000000a6ba560, R9 =0x00000000000000e0, R10=0x0000000008839bd8, R11=0x0000000000000000
R12=0x000000000884a1d8, R13=0x00000000eafbeac8, R14=0x000000000adff3f8, R15=0x000000000884a000
RIP=0x0000000076d732d0, EFLAGS=0x0000000000010202

Top of Stack: (sp=0x000000000adff0a0)
0x000000000adff0a0:   00000000021e61f8 000007fefc1213d6
0x000000000adff0b0:   0000000000000103 0000000000000000
0x000000000adff0c0:   000000000adff0c0 00000000bb31eb70
0x000000000adff0d0:   000000000adff1e0 000007fefc126f2a
0x000000000adff0e0:   000000000884a000 000000000adff3f8
0x000000000adff0f0:   00000000eafbeac8 000000000884a1d8
0x000000000adff100:   0000000008839b60 0000000000000010
0x000000000adff110:   0000000008839d55 0000000076b2300a
0x000000000adff120:   0000000000000000 000000000a6343d0
0x000000000adff130:   0000000008839b60 000007fef5c825e9
0x000000000adff140:   0000000000000000 00000000684c8cc4
0x000000000adff150:   0000000000000000 0000000000000000
0x000000000adff160:   0000000000000000 000007fefc1218da
0x000000000adff170:   000000000a6343d0 000007fef5c819e5
0x000000000adff180:   000000000a6343d0 0000000000000001
0x000000000adff190:   0000000000000010 000007fef5c832b5 

Instructions: (pc=0x0000000076d732d0)
0x0000000076d732b0:   ff ff 00 00 00 48 33 de 48 23 c1 48 c1 eb 04 48
0x0000000076d732c0:   33 d8 48 33 1d ff f0 0d 00 48 c1 e3 04 0f 0d 0b
0x0000000076d732d0:   4c 8b 63 08 49 bd 01 00 00 00 01 00 00 00 49 be
0x0000000076d732e0:   ff 7f 00 00 ff ff ff ff c6 42 0f 80 c6 42 0e 00 


Register to memory mapping:

RAX=0x000000959695347c is an unknown value
RBX=0x000001c9808c3c40 is an unknown value
RCX=0x000000ffffffffff is an unknown value
RDX=0x000000000a6ba550 is an unknown value
RSP=0x000000000adff0a0 is pointing into the stack for thread: 0x000000000884a000
RBP=0x0000000000000000 is an unknown value
RSI=0x00000000003a0000 is an unknown value
RDI=0x000000000a6ba560 is an unknown value
R8 =0x000000000a6ba560 is an unknown value
R9 =0x00000000000000e0 is an unknown value
R10=0x0000000008839bd8 is an unknown value
R11=0x0000000000000000 is an unknown value
R12=0x000000000884a1d8 is an unknown value
R13=0x00000000eafbeac8 is an oop
[Lwiiusej.wiiusejevents.wiiuseapievents.WiiUseApiEvent; 
 - klass: 'wiiusej/wiiusejevents/wiiuseapievents/WiiUseApiEvent'[]
 - length: 0
R14=0x000000000adff3f8 is pointing into the stack for thread: 0x000000000884a000
R15=0x000000000884a000 is a thread


Stack: [0x000000000ad00000,0x000000000ae00000],  sp=0x000000000adff0a0,  free space=1020k
Native frames: (J=compiled Java code, j=interpreted, Vv=VM code, C=native code)
C  [ntdll.dll+0x532d0]  RtlFreeHeap+0xd0

[error occurred during error reporting (printing native stack), id 0xc0000005]

Java frames: (J=compiled Java code, j=interpreted, Vv=VM code)
J  wiiusej.WiiUseApi.specialPoll(Lwiiusej/wiiusejevents/utils/EventsGatherer;)V
J  wiiusej.WiiUseApiManager.run()V
v  ~StubRoutines::call_stub

---------------  P R O C E S S  ---------------

Java Threads: ( => current thread )
  0x000000000a9db000 JavaThread "D3D Screen Updater" daemon [_thread_blocked, id=1732, stack(0x000000000ebb0000,0x000000000ecb0000)]
  0x000000000a99f000 JavaThread "AWT-EventQueue-0" [_thread_blocked, id=4944, stack(0x000000000e8c0000,0x000000000e9c0000)]
  0x000000000a7ba000 JavaThread "AWT-Windows" daemon [_thread_in_native, id=5480, stack(0x000000000ba70000,0x000000000bb70000)]
  0x000000000a73c000 JavaThread "AWT-Shutdown" [_thread_blocked, id=3308, stack(0x000000000ae20000,0x000000000af20000)]
  0x000000000a7f3800 JavaThread "Java2D Disposer" daemon [_thread_blocked, id=3256, stack(0x000000000b000000,0x000000000b100000)]
=>0x000000000884a000 JavaThread "Thread-0" [_thread_in_native, id=260, stack(0x000000000ad00000,0x000000000ae00000)]
  0x0000000008823000 JavaThread "Service Thread" daemon [_thread_blocked, id=1516, stack(0x000000000a320000,0x000000000a420000)]
  0x000000000880a000 JavaThread "C2 CompilerThread1" daemon [_thread_blocked, id=7156, stack(0x000000000a180000,0x000000000a280000)]
  0x00000000087f7800 JavaThread "C2 CompilerThread0" daemon [_thread_blocked, id=4592, stack(0x0000000009f60000,0x000000000a060000)]
  0x00000000087f4800 JavaThread "Attach Listener" daemon [_thread_blocked, id=2260, stack(0x0000000009a40000,0x0000000009b40000)]
  0x00000000087ed000 JavaThread "Signal Dispatcher" daemon [_thread_blocked, id=6352, stack(0x0000000009d30000,0x0000000009e30000)]
  0x0000000001e25800 JavaThread "Finalizer" daemon [_thread_blocked, id=1532, stack(0x0000000009c20000,0x0000000009d20000)]
  0x0000000001e1e800 JavaThread "Reference Handler" daemon [_thread_blocked, id=5116, stack(0x0000000009940000,0x0000000009a40000)]
  0x00000000003ac000 JavaThread "main" [_thread_blocked, id=6428, stack(0x00000000020e0000,0x00000000021e0000)]

Other Threads:
  0x0000000008772000 VMThread [stack: 0x0000000009810000,0x0000000009910000] [id=5652]
  0x000000000882e000 WatcherThread [stack: 0x000000000a520000,0x000000000a620000] [id=3108]

VM state:not at safepoint (normal execution)

VM Mutex/Monitor currently owned by a thread: None

Heap
 PSYoungGen      total 19072K, used 3965K [0x00000000eac00000, 0x00000000ec730000, 0x0000000100000000)
  eden space 16384K, 23% used [0x00000000eac00000,0x00000000eafbf4b0,0x00000000ebc00000)
  from space 2688K, 4% used [0x00000000ebc00000,0x00000000ebc20000,0x00000000ebea0000)
  to   space 2688K, 0% used [0x00000000ec490000,0x00000000ec490000,0x00000000ec730000)
 ParOldGen       total 60352K, used 32972K [0x00000000c0400000, 0x00000000c3ef0000, 0x00000000eac00000)
  object space 60352K, 54% used [0x00000000c0400000,0x00000000c24331b8,0x00000000c3ef0000)
 PSPermGen       total 21248K, used 9447K [0x00000000bb200000, 0x00000000bc6c0000, 0x00000000c0400000)
  object space 21248K, 44% used [0x00000000bb200000,0x00000000bbb39d88,0x00000000bc6c0000)

Card table byte_map: [0x00000000051e0000,0x0000000005410000] byte_map_base: 0x0000000004c07000

Polling page: 0x0000000000090000

Code Cache  [0x00000000021e0000, 0x0000000002450000, 0x00000000051e0000)
 total_blobs=527 nmethods=108 adapters=370 free_code_cache=48515Kb largest_free_block=49656128

Compilation events (10 events):
Event: 113.450 Thread 0x00000000087f7800 nmethod 102 0x0000000002282590 code [0x00000000022826c0, 0x0000000002282718]
Event: 113.450 Thread 0x000000000880a000 nmethod 103 0x0000000002282290 code [0x00000000022823e0, 0x0000000002282488]
Event: 116.912 Thread 0x00000000087f7800  104             javax.swing.RepaintManager::currentManager (37 bytes)
Event: 116.913 Thread 0x00000000087f7800 nmethod 104 0x00000000022805d0 code [0x0000000002280720, 0x00000000022807c8]
Event: 117.084 Thread 0x000000000880a000  105             javax.swing.RepaintManager::currentManager (7 bytes)
Event: 117.085 Thread 0x000000000880a000 nmethod 105 0x000000000227e7d0 code [0x000000000227e940, 0x000000000227eac8]
Event: 123.558 Thread 0x00000000087f7800  106             java.util.IdentityHashMap::get (60 bytes)
Event: 123.559 Thread 0x00000000087f7800 nmethod 106 0x000000000227e350 code [0x000000000227e4a0, 0x000000000227e608]
Event: 125.508 Thread 0x000000000880a000  107             java.awt.Component::getPeer (5 bytes)
Event: 125.508 Thread 0x000000000880a000 nmethod 107 0x00000000022803d0 code [0x0000000002280500, 0x0000000002280558]

GC Heap History (8 events):
Event: 0.870 GC heap before
{Heap before GC invocations=1 (full 0):
 PSYoungGen      total 19072K, used 16384K [0x00000000eac00000, 0x00000000ec140000, 0x0000000100000000)
  eden space 16384K, 100% used [0x00000000eac00000,0x00000000ebc00000,0x00000000ebc00000)
  from space 2688K, 0% used [0x00000000ebea0000,0x00000000ebea0000,0x00000000ec140000)
  to   space 2688K, 0% used [0x00000000ebc00000,0x00000000ebc00000,0x00000000ebea0000)
 ParOldGen       total 43520K, used 0K [0x00000000c0400000, 0x00000000c2e80000, 0x00000000eac00000)
  object space 43520K, 0% used [0x00000000c0400000,0x00000000c0400000,0x00000000c2e80000)
 PSPermGen       total 21248K, used 7052K [0x00000000bb200000, 0x00000000bc6c0000, 0x00000000c0400000)
  object space 21248K, 33% used [0x00000000bb200000,0x00000000bb8e3158,0x00000000bc6c0000)
Event: 0.877 GC heap after
Heap after GC invocations=1 (full 0):
 PSYoungGen      total 19072K, used 2045K [0x00000000eac00000, 0x00000000ec140000, 0x0000000100000000)
  eden space 16384K, 0% used [0x00000000eac00000,0x00000000eac00000,0x00000000ebc00000)
  from space 2688K, 76% used [0x00000000ebc00000,0x00000000ebdff520,0x00000000ebea0000)
  to   space 2688K, 0% used [0x00000000ebea0000,0x00000000ebea0000,0x00000000ec140000)
 ParOldGen       total 43520K, used 16146K [0x00000000c0400000, 0x00000000c2e80000, 0x00000000eac00000)
  object space 43520K, 37% used [0x00000000c0400000,0x00000000c13c4a70,0x00000000c2e80000)
 PSPermGen       total 21248K, used 7052K [0x00000000bb200000, 0x00000000bc6c0000, 0x00000000c0400000)
  object space 21248K, 33% used [0x00000000bb200000,0x00000000bb8e3158,0x00000000bc6c0000)
}
Event: 1.297 GC heap before
{Heap before GC invocations=2 (full 0):
 PSYoungGen      total 19072K, used 17970K [0x00000000eac00000, 0x00000000ec140000, 0x0000000100000000)
  eden space 16384K, 97% used [0x00000000eac00000,0x00000000ebb8d618,0x00000000ebc00000)
  from space 2688K, 76% used [0x00000000ebc00000,0x00000000ebdff520,0x00000000ebea0000)
  to   space 2688K, 0% used [0x00000000ebea0000,0x00000000ebea0000,0x00000000ec140000)
 ParOldGen       total 43520K, used 16146K [0x00000000c0400000, 0x00000000c2e80000, 0x00000000eac00000)
  object space 43520K, 37% used [0x00000000c0400000,0x00000000c13c4a70,0x00000000c2e80000)
 PSPermGen       total 21248K, used 9144K [0x00000000bb200000, 0x00000000bc6c0000, 0x00000000c0400000)
  object space 21248K, 43% used [0x00000000bb200000,0x00000000bbaee228,0x00000000bc6c0000)
Event: 1.303 GC heap after
Heap after GC invocations=2 (full 0):
 PSYoungGen      total 19072K, used 2269K [0x00000000eac00000, 0x00000000ed140000, 0x0000000100000000)
  eden space 16384K, 0% used [0x00000000eac00000,0x00000000eac00000,0x00000000ebc00000)
  from space 2688K, 84% used [0x00000000ebea0000,0x00000000ec0d7520,0x00000000ec140000)
  to   space 2688K, 0% used [0x00000000ebc00000,0x00000000ebc00000,0x00000000ebea0000)
 ParOldGen       total 43520K, used 30794K [0x00000000c0400000, 0x00000000c2e80000, 0x00000000eac00000)
  object space 43520K, 70% used [0x00000000c0400000,0x00000000c2212890,0x00000000c2e80000)
 PSPermGen       total 21248K, used 9144K [0x00000000bb200000, 0x00000000bc6c0000, 0x00000000c0400000)
  object space 21248K, 43% used [0x00000000bb200000,0x00000000bbaee228,0x00000000bc6c0000)
}
Event: 1.303 GC heap before
{Heap before GC invocations=3 (full 1):
 PSYoungGen      total 19072K, used 2269K [0x00000000eac00000, 0x00000000ed140000, 0x0000000100000000)
  eden space 16384K, 0% used [0x00000000eac00000,0x00000000eac00000,0x00000000ebc00000)
  from space 2688K, 84% used [0x00000000ebea0000,0x00000000ec0d7520,0x00000000ec140000)
  to   space 2688K, 0% used [0x00000000ebc00000,0x00000000ebc00000,0x00000000ebea0000)
 ParOldGen       total 43520K, used 30794K [0x00000000c0400000, 0x00000000c2e80000, 0x00000000eac00000)
  object space 43520K, 70% used [0x00000000c0400000,0x00000000c2212890,0x00000000c2e80000)
 PSPermGen       total 21248K, used 9144K [0x00000000bb200000, 0x00000000bc6c0000, 0x00000000c0400000)
  object space 21248K, 43% used [0x00000000bb200000,0x00000000bbaee228,0x00000000bc6c0000)
Event: 1.322 GC heap after
Heap after GC invocations=3 (full 1):
 PSYoungGen      total 19072K, used 0K [0x00000000eac00000, 0x00000000ed140000, 0x0000000100000000)
  eden space 16384K, 0% used [0x00000000eac00000,0x00000000eac00000,0x00000000ebc00000)
  from space 2688K, 0% used [0x00000000ebea0000,0x00000000ebea0000,0x00000000ec140000)
  to   space 2688K, 0% used [0x00000000ebc00000,0x00000000ebc00000,0x00000000ebea0000)
 ParOldGen       total 60352K, used 18324K [0x00000000c0400000, 0x00000000c3ef0000, 0x00000000eac00000)
  object space 60352K, 30% used [0x00000000c0400000,0x00000000c15e5398,0x00000000c3ef0000)
 PSPermGen       total 21248K, used 9141K [0x00000000bb200000, 0x00000000bc6c0000, 0x00000000c0400000)
  object space 21248K, 43% used [0x00000000bb200000,0x00000000bbaed5f8,0x00000000bc6c0000)
}
Event: 3.480 GC heap before
{Heap before GC invocations=4 (full 1):
 PSYoungGen      total 19072K, used 16384K [0x00000000eac00000, 0x00000000ed140000, 0x0000000100000000)
  eden space 16384K, 100% used [0x00000000eac00000,0x00000000ebc00000,0x00000000ebc00000)
  from space 2688K, 0% used [0x00000000ebea0000,0x00000000ebea0000,0x00000000ec140000)
  to   space 2688K, 0% used [0x00000000ebc00000,0x00000000ebc00000,0x00000000ebea0000)
 ParOldGen       total 60352K, used 18324K [0x00000000c0400000, 0x00000000c3ef0000, 0x00000000eac00000)
  object space 60352K, 30% used [0x00000000c0400000,0x00000000c15e5398,0x00000000c3ef0000)
 PSPermGen       total 21248K, used 9345K [0x00000000bb200000, 0x00000000bc6c0000, 0x00000000c0400000)
  object space 21248K, 43% used [0x00000000bb200000,0x00000000bbb207e8,0x00000000bc6c0000)
Event: 3.484 GC heap after
Heap after GC invocations=4 (full 1):
 PSYoungGen      total 19072K, used 128K [0x00000000eac00000, 0x00000000ec730000, 0x0000000100000000)
  eden space 16384K, 0% used [0x00000000eac00000,0x00000000eac00000,0x00000000ebc00000)
  from space 2688K, 4% used [0x00000000ebc00000,0x00000000ebc20000,0x00000000ebea0000)
  to   space 2688K, 0% used [0x00000000ec490000,0x00000000ec490000,0x00000000ec730000)
 ParOldGen       total 60352K, used 32972K [0x00000000c0400000, 0x00000000c3ef0000, 0x00000000eac00000)
  object space 60352K, 54% used [0x00000000c0400000,0x00000000c24331b8,0x00000000c3ef0000)
 PSPermGen       total 21248K, used 9345K [0x00000000bb200000, 0x00000000bc6c0000, 0x00000000c0400000)
  object space 21248K, 43% used [0x00000000bb200000,0x00000000bbb207e8,0x00000000bc6c0000)
}

Deoptimization events (2 events):
Event: 0.750 Thread 0x00000000003ac000 Uncommon trap -34 fr.pc 0x00000000022484e8
Event: 0.847 Thread 0x00000000003ac000 Uncommon trap -12 fr.pc 0x000000000225c468

Internal exceptions (10 events):
Event: 0.847 Thread 0x00000000003ac000 Implicit null exception at 0x000000000225c288 to 0x000000000225c459
Event: 0.851 Thread 0x00000000003ac000 Threw 0x00000000eb4412a8 at C:\jdk7u1_64p\jdk7u11\hotspot\src\share\vm\prims\jni.cpp:716
Event: 0.854 Thread 0x00000000003ac000 Threw 0x00000000eb446b90 at C:\jdk7u1_64p\jdk7u11\hotspot\src\share\vm\prims\jvm.cpp:1166
Event: 0.854 Thread 0x00000000003ac000 Threw 0x00000000eb447d50 at C:\jdk7u1_64p\jdk7u11\hotspot\src\share\vm\prims\jvm.cpp:1166
Event: 0.855 Thread 0x00000000003ac000 Threw 0x00000000eb449998 at C:\jdk7u1_64p\jdk7u11\hotspot\src\share\vm\prims\jvm.cpp:1166
Event: 0.855 Thread 0x00000000003ac000 Threw 0x00000000eb44abc0 at C:\jdk7u1_64p\jdk7u11\hotspot\src\share\vm\prims\jvm.cpp:1166
Event: 0.856 Thread 0x00000000003ac000 Threw 0x00000000eb44f3f0 at C:\jdk7u1_64p\jdk7u11\hotspot\src\share\vm\prims\jvm.cpp:1166
Event: 0.856 Thread 0x00000000003ac000 Threw 0x00000000eb4505b0 at C:\jdk7u1_64p\jdk7u11\hotspot\src\share\vm\prims\jvm.cpp:1166
Event: 0.856 Thread 0x00000000003ac000 Threw 0x00000000eb452268 at C:\jdk7u1_64p\jdk7u11\hotspot\src\share\vm\prims\jvm.cpp:1166
Event: 0.856 Thread 0x00000000003ac000 Threw 0x00000000eb453490 at C:\jdk7u1_64p\jdk7u11\hotspot\src\share\vm\prims\jvm.cpp:1166

Events (10 events):
Event: 4.686 loading class 0x0000000008848d40
Event: 4.686 loading class 0x0000000008848d40 done
Event: 4.687 loading class 0x000000000b2007b0
Event: 4.687 loading class 0x000000000b2007b0 done
Event: 4.687 loading class 0x000000000a621b70
Event: 4.687 loading class 0x000000000a621b70 done
Event: 4.688 loading class 0x000000000b1fd040
Event: 4.688 loading class 0x000000000b1fd040 done
Event: 5.041 Executing VM operation: EnableBiasedLocking
Event: 5.041 Executing VM operation: EnableBiasedLocking done


Dynamic libraries:
0x000000013f540000 - 0x000000013f573000 	C:\Program Files\Java\jre7\bin\javaw.exe
0x0000000076d20000 - 0x0000000076ec9000 	C:\Windows\SYSTEM32\ntdll.dll
0x0000000076b00000 - 0x0000000076c1f000 	C:\Windows\system32\kernel32.dll
0x000007fefc120000 - 0x000007fefc18b000 	C:\Windows\system32\KERNELBASE.dll
0x000007fefd020000 - 0x000007fefd0fb000 	C:\Windows\system32\ADVAPI32.dll
0x000007fefcd00000 - 0x000007fefcd9f000 	C:\Windows\system32\msvcrt.dll
0x000007fefc7a0000 - 0x000007fefc7bf000 	C:\Windows\SYSTEM32\sechost.dll
0x000007fefd210000 - 0x000007fefd33d000 	C:\Windows\system32\RPCRT4.dll
0x0000000076c20000 - 0x0000000076d1a000 	C:\Windows\system32\USER32.dll
0x000007fefcf10000 - 0x000007fefcf77000 	C:\Windows\system32\GDI32.dll
0x000007fefe360000 - 0x000007fefe36e000 	C:\Windows\system32\LPK.dll
0x000007fefce40000 - 0x000007fefcf09000 	C:\Windows\system32\USP10.dll
0x000007fefaa90000 - 0x000007fefac84000 	C:\Windows\WinSxS\amd64_microsoft.windows.common-controls_6595b64144ccf1df_6.0.7601.17514_none_fa396087175ac9ac\COMCTL32.dll
0x000007fefd180000 - 0x000007fefd1f1000 	C:\Windows\system32\SHLWAPI.dll
0x000007fefc7c0000 - 0x000007fefc7ee000 	C:\Windows\system32\IMM32.DLL
0x000007fefc5b0000 - 0x000007fefc6b9000 	C:\Windows\system32\MSCTF.dll
0x0000000068460000 - 0x0000000068531000 	C:\Program Files\Java\jre7\bin\msvcr100.dll
0x0000000067d40000 - 0x000000006845f000 	C:\Program Files\Java\jre7\bin\server\jvm.dll
0x000007fef7710000 - 0x000007fef7719000 	C:\Windows\system32\WSOCK32.dll
0x000007fefccb0000 - 0x000007fefccfd000 	C:\Windows\system32\WS2_32.dll
0x000007fefd200000 - 0x000007fefd208000 	C:\Windows\system32\NSI.dll
0x000007fef8a00000 - 0x000007fef8a3b000 	C:\Windows\system32\WINMM.dll
0x0000000076ee0000 - 0x0000000076ee7000 	C:\Windows\system32\PSAPI.DLL
0x0000000073f50000 - 0x0000000073f5f000 	C:\Program Files\Java\jre7\bin\verify.dll
0x0000000073f20000 - 0x0000000073f48000 	C:\Program Files\Java\jre7\bin\java.dll
0x0000000072700000 - 0x0000000072715000 	C:\Program Files\Java\jre7\bin\zip.dll
0x000007fef5c60000 - 0x000007fef5c69000 	C:\Users\Robbert\Documents\GitHub\Stijgmachine\WiiuseJ.dll
0x000007fef5c80000 - 0x000007fef5c8c000 	C:\Users\Robbert\Documents\GitHub\Stijgmachine\wiiuse.dll
0x000007fefa4f0000 - 0x000007fefa4fb000 	C:\Windows\system32\HID.DLL
0x000007fefc3d0000 - 0x000007fefc5a7000 	C:\Windows\system32\SETUPAPI.dll
0x000007fefc070000 - 0x000007fefc0a6000 	C:\Windows\system32\CFGMGR32.dll
0x000007fefc6c0000 - 0x000007fefc797000 	C:\Windows\system32\OLEAUT32.dll
0x000007fefc870000 - 0x000007fefca73000 	C:\Windows\system32\ole32.dll
0x000007fefc1a0000 - 0x000007fefc1ba000 	C:\Windows\system32\DEVOBJ.dll
0x000007fefc0d0000 - 0x000007fefc109000 	C:\Windows\system32\WINTRUST.dll
0x000007fefbf00000 - 0x000007fefc06a000 	C:\Windows\system32\CRYPT32.dll
0x000007fefbee0000 - 0x000007fefbeef000 	C:\Windows\system32\MSASN1.dll
0x000007fefb6d0000 - 0x000007fefb6e7000 	C:\Windows\system32\CRYPTSP.dll
0x000007fefb3d0000 - 0x000007fefb417000 	C:\Windows\system32\rsaenh.dll
0x000007fefb180000 - 0x000007fefb19e000 	C:\Windows\system32\USERENV.dll
0x000007fefbe40000 - 0x000007fefbe4f000 	C:\Windows\system32\profapi.dll
0x000007fefbd30000 - 0x000007fefbd3f000 	C:\Windows\system32\CRYPTBASE.dll
0x0000000067d20000 - 0x0000000067d39000 	C:\Program Files\Java\jre7\bin\net.dll
0x000007fefb670000 - 0x000007fefb6c5000 	C:\Windows\system32\mswsock.dll
0x000007fefb660000 - 0x000007fefb667000 	C:\Windows\System32\wship6.dll
0x000007fef9750000 - 0x000007fef9765000 	C:\Windows\system32\NLAapi.dll
0x000007feedd90000 - 0x000007feedda5000 	C:\Windows\system32\napinsp.dll
0x000007feedd70000 - 0x000007feedd89000 	C:\Windows\system32\pnrpnsp.dll
0x000007fefb4f0000 - 0x000007fefb54b000 	C:\Windows\system32\DNSAPI.dll
0x000007feedd60000 - 0x000007feedd6b000 	C:\Windows\System32\winrnr.dll
0x000007feedd50000 - 0x000007feedd60000 	C:\Windows\system32\wshbth.dll
0x000007fefb050000 - 0x000007fefb057000 	C:\Windows\System32\wshtcpip.dll
0x000007fef92a0000 - 0x000007fef92c7000 	C:\Windows\system32\IPHLPAPI.DLL
0x000007fef94a0000 - 0x000007fef94ab000 	C:\Windows\system32\WINNSI.DLL
0x000007fef6a30000 - 0x000007fef6a38000 	C:\Windows\system32\rasadhlp.dll
0x000007fef9200000 - 0x000007fef9253000 	C:\Windows\System32\fwpuclnt.dll
0x0000000067d00000 - 0x0000000067d11000 	C:\Program Files\Java\jre7\bin\nio.dll
0x0000000073d80000 - 0x0000000073f13000 	C:\Program Files\Java\jre7\bin\awt.dll
0x000007fefa8b0000 - 0x000007fefa906000 	C:\Windows\system32\uxtheme.dll
0x000007fefa480000 - 0x000007fefa498000 	C:\Windows\system32\dwmapi.dll
0x000007fefd340000 - 0x000007fefe0c8000 	C:\Windows\system32\SHELL32.dll
0x000007feece60000 - 0x000007feed05f000 	C:\Windows\system32\d3d9.dll
0x000007fefaf80000 - 0x000007fefaf8c000 	C:\Windows\system32\VERSION.dll
0x000007fef2290000 - 0x000007fef2297000 	C:\Windows\system32\d3d8thk.dll
0x000007fee08f0000 - 0x000007fee1a17000 	C:\Windows\system32\nvd3dumx.dll
0x000007fef9bf0000 - 0x000007fef9c1c000 	C:\Windows\system32\powrprof.dll
0x0000000180000000 - 0x0000000180154000 	C:\Program Files (x86)\NVIDIA Corporation\3D Vision\nvSCPAPI64.dll
0x000007fef8720000 - 0x000007fef89fc000 	C:\Windows\system32\nvapi64.dll
0x0000000074090000 - 0x00000000740c4000 	C:\Program Files\Java\jre7\bin\fontmanager.dll
0x0000000074040000 - 0x0000000074081000 	C:\Program Files\Java\jre7\bin\t2k.dll
0x000007fef3070000 - 0x000007fef3195000 	C:\Windows\system32\dbghelp.dll

VM Arguments:
jvm_args: -Dfile.encoding=Cp1252 
java_command: stijgmachine.jti1a1.nl.controller.Main
Launcher Type: SUN_STANDARD

Environment Variables:
PATH=C:\Program Files (x86)\NVIDIA Corporation\PhysX\Common;C:\Windows\system32;C:\Windows;C:\Windows\System32\Wbem;C:\Windows\System32\WindowsPowerShell\v1.0\
USERNAME=Robbert
OS=Windows_NT
PROCESSOR_IDENTIFIER=Intel64 Family 6 Model 42 Stepping 7, GenuineIntel



---------------  S Y S T E M  ---------------

OS: Windows 7 , 64 bit Build 7601 Service Pack 1

CPU:total 4 (2 cores per cpu, 2 threads per core) family 6 model 42 stepping 7, cmov, cx8, fxsr, mmx, sse, sse2, sse3, ssse3, sse4.1, sse4.2, popcnt, avx, ht, tsc, tscinvbit

Memory: 4k page, physical 4175072k(2260312k free), swap 8348284k(5284404k free)

vm_info: Java HotSpot(TM) 64-Bit Server VM (23.6-b04) for windows-amd64 JRE (1.7.0_11-b21), built on Jan 12 2013 02:38:42 by "java_re" with unknown MS VC++:1600

time: Fri May 24 16:43:28 2013
elapsed time: 137 seconds

